<?xml version="1.0" encoding="UTF-8"?>
<!-- Generated by org.testng.reporters.JUnitReportReporter -->
<testsuite hostname="DESKTOP-5HFHNH1" failures="0" tests="2" name="TestNG.example4_TestNGAnnotation" time="0.006" errors="0" timestamp="2024-06-08T09:26:10 IST" skipped="0">
  <testcase classname="TestNG.example4_TestNGAnnotation" name="verifyProfilename1" time="0.001"/>
  <system-out>
    <![CDATA[VerifyProfileName1]]>
  </system-out>
  <testcase classname="TestNG.example4_TestNGAnnotation" name="verifyProfilename" time="0.005"/>
  <system-out>
    <![CDATA[VerifyProfileName]]>
  </system-out>
</testsuite> <!-- TestNG.example4_TestNGAnnotation -->
