<?xml version="1.0" encoding="UTF-8"?>
<!-- Generated by org.testng.reporters.JUnitReportReporter -->
<testsuite skipped="0" hostname="DESKTOP-5HFHNH1" name="TestNG.example10_parallel1" tests="1" failures="0" timestamp="2024-05-27T21:52:46 IST" time="12.065" errors="0">
  <testcase name="openPolicybazar" time="12.065" classname="TestNG.example10_parallel1"/>
  <system-out/>
</testsuite> <!-- TestNG.example10_parallel1 -->
